{"name":"File Extension Chager","hostname":"anakshiant-E402NA","pid":8501,"level":30,"msg":"initating process ","time":"2018-06-24T16:34:40.912Z","v":0}
{"name":"File Extension Chager","hostname":"anakshiant-E402NA","pid":8501,"level":30,"msg":"directory path is ./","time":"2018-06-24T16:34:40.914Z","v":0}
{"name":"File Extension Chager","hostname":"anakshiant-E402NA","pid":8501,"level":30,"msg":"changing every file to fi extension","time":"2018-06-24T16:34:40.915Z","v":0}
{"name":"File Extension Chager","hostname":"anakshiant-E402NA","pid":8501,"level":30,"msg":"changing extension of file .gitignore","time":"2018-06-24T16:34:40.920Z","v":0}
{"name":"File Extension Chager","hostname":"anakshiant-E402NA","pid":8501,"level":30,"msg":"current file is directory","time":"2018-06-24T16:34:40.920Z","v":0}
{"name":"File Extension Chager","hostname":"anakshiant-E402NA","pid":8501,"level":30,"msg":"changing extension of file bin","time":"2018-06-24T16:34:40.920Z","v":0}
{"name":"File Extension Chager","hostname":"anakshiant-E402NA","pid":8501,"level":30,"msg":"current file is directory","time":"2018-06-24T16:34:40.920Z","v":0}
{"name":"File Extension Chager","hostname":"anakshiant-E402NA","pid":8501,"level":30,"msg":"changing extension of file config","time":"2018-06-24T16:34:40.920Z","v":0}
{"name":"File Extension Chager","hostname":"anakshiant-E402NA","pid":8501,"level":30,"msg":"changing extension of file index.js","time":"2018-06-24T16:34:40.921Z","v":0}
{"name":"File Extension Chager","hostname":"anakshiant-E402NA","pid":8501,"level":30,"msg":"current file is directory","time":"2018-06-24T16:34:40.921Z","v":0}
{"name":"File Extension Chager","hostname":"anakshiant-E402NA","pid":8501,"level":30,"msg":"changing extension of file logs","time":"2018-06-24T16:34:40.921Z","v":0}
{"name":"File Extension Chager","hostname":"anakshiant-E402NA","pid":8501,"level":30,"msg":"current file is directory","time":"2018-06-24T16:34:40.921Z","v":0}
{"name":"File Extension Chager","hostname":"anakshiant-E402NA","pid":8501,"level":30,"msg":"changing extension of file node_modules","time":"2018-06-24T16:34:40.921Z","v":0}
{"name":"File Extension Chager","hostname":"anakshiant-E402NA","pid":8501,"level":30,"msg":"changing extension of file package-lock.json","time":"2018-06-24T16:34:40.921Z","v":0}
{"name":"File Extension Chager","hostname":"anakshiant-E402NA","pid":8501,"level":30,"msg":"changing extension of file package.json","time":"2018-06-24T16:34:40.921Z","v":0}
{"name":"File Extension Chager","hostname":"anakshiant-E402NA","pid":8501,"level":30,"msg":"current file is directory","time":"2018-06-24T16:34:40.922Z","v":0}
{"name":"File Extension Chager","hostname":"anakshiant-E402NA","pid":8501,"level":30,"msg":"changing extension of file processor","time":"2018-06-24T16:34:40.922Z","v":0}
{"name":"File Extension Chager","hostname":"anakshiant-E402NA","pid":8501,"level":30,"msg":"current file is directory","time":"2018-06-24T16:34:40.922Z","v":0}
{"name":"File Extension Chager","hostname":"anakshiant-E402NA","pid":8501,"level":30,"msg":"changing extension of file services","time":"2018-06-24T16:34:40.922Z","v":0}
{"name":"File Extension Chager","hostname":"anakshiant-E402NA","pid":8501,"level":30,"msg":"current file is directory","time":"2018-06-24T16:34:40.922Z","v":0}
{"name":"File Extension Chager","hostname":"anakshiant-E402NA","pid":8501,"level":30,"msg":"changing extension of file utils","time":"2018-06-24T16:34:40.922Z","v":0}
{"name":"File Extension Chager","hostname":"anakshiant-E402NA","pid":8511,"level":30,"msg":"initating process ","time":"2018-06-24T16:34:43.710Z","v":0}
{"name":"File Extension Chager","hostname":"anakshiant-E402NA","pid":8511,"level":30,"msg":"directory path is ./","time":"2018-06-24T16:34:43.713Z","v":0}
{"name":"File Extension Chager","hostname":"anakshiant-E402NA","pid":8511,"level":30,"msg":"changing every file to fi extension","time":"2018-06-24T16:34:43.713Z","v":0}
{"name":"File Extension Chager","hostname":"anakshiant-E402NA","pid":8511,"level":30,"msg":"changing extension of file .gitignore","time":"2018-06-24T16:34:43.723Z","v":0}
{"name":"File Extension Chager","hostname":"anakshiant-E402NA","pid":8511,"level":30,"msg":"current file is directory","time":"2018-06-24T16:34:43.723Z","v":0}
{"name":"File Extension Chager","hostname":"anakshiant-E402NA","pid":8511,"level":30,"msg":"changing extension of file bin","time":"2018-06-24T16:34:43.724Z","v":0}
{"name":"File Extension Chager","hostname":"anakshiant-E402NA","pid":8511,"level":30,"msg":"current file is directory","time":"2018-06-24T16:34:43.724Z","v":0}
{"name":"File Extension Chager","hostname":"anakshiant-E402NA","pid":8511,"level":30,"msg":"changing extension of file config","time":"2018-06-24T16:34:43.724Z","v":0}
{"name":"File Extension Chager","hostname":"anakshiant-E402NA","pid":8511,"level":30,"msg":"current file is directory","time":"2018-06-24T16:34:43.727Z","v":0}
{"name":"File Extension Chager","hostname":"anakshiant-E402NA","pid":8511,"level":30,"msg":"changing extension of file logs","time":"2018-06-24T16:34:43.727Z","v":0}
{"name":"File Extension Chager","hostname":"anakshiant-E402NA","pid":8511,"level":30,"msg":"changing extension of file index.js","time":"2018-06-24T16:34:43.727Z","v":0}
{"name":"File Extension Chager","hostname":"anakshiant-E402NA","pid":8511,"level":30,"msg":"current file is directory","time":"2018-06-24T16:34:43.728Z","v":0}
{"name":"File Extension Chager","hostname":"anakshiant-E402NA","pid":8511,"level":30,"msg":"changing extension of file node_modules","time":"2018-06-24T16:34:43.728Z","v":0}
{"name":"File Extension Chager","hostname":"anakshiant-E402NA","pid":8511,"level":30,"msg":"changing extension of file package-lock.json","time":"2018-06-24T16:34:43.728Z","v":0}
{"name":"File Extension Chager","hostname":"anakshiant-E402NA","pid":8511,"level":30,"msg":"changing extension of file package.json","time":"2018-06-24T16:34:43.728Z","v":0}
{"name":"File Extension Chager","hostname":"anakshiant-E402NA","pid":8511,"level":30,"msg":"current file is directory","time":"2018-06-24T16:34:43.728Z","v":0}
{"name":"File Extension Chager","hostname":"anakshiant-E402NA","pid":8511,"level":30,"msg":"changing extension of file processor","time":"2018-06-24T16:34:43.728Z","v":0}
{"name":"File Extension Chager","hostname":"anakshiant-E402NA","pid":8511,"level":30,"msg":"current file is directory","time":"2018-06-24T16:34:43.728Z","v":0}
{"name":"File Extension Chager","hostname":"anakshiant-E402NA","pid":8511,"level":30,"msg":"changing extension of file services","time":"2018-06-24T16:34:43.728Z","v":0}
{"name":"File Extension Chager","hostname":"anakshiant-E402NA","pid":8511,"level":30,"msg":"current file is directory","time":"2018-06-24T16:34:43.729Z","v":0}
{"name":"File Extension Chager","hostname":"anakshiant-E402NA","pid":8511,"level":30,"msg":"changing extension of file utils","time":"2018-06-24T16:34:43.729Z","v":0}
{"name":"File Extension Chager","hostname":"anakshiant-E402NA","pid":8521,"level":30,"msg":"initating process ","time":"2018-06-24T16:34:44.937Z","v":0}
{"name":"File Extension Chager","hostname":"anakshiant-E402NA","pid":8521,"level":30,"msg":"directory path is ./","time":"2018-06-24T16:34:44.940Z","v":0}
{"name":"File Extension Chager","hostname":"anakshiant-E402NA","pid":8521,"level":30,"msg":"changing every file to fi extension","time":"2018-06-24T16:34:44.940Z","v":0}
{"name":"File Extension Chager","hostname":"anakshiant-E402NA","pid":8521,"level":30,"msg":"changing extension of file .gitignore","time":"2018-06-24T16:34:44.947Z","v":0}
{"name":"File Extension Chager","hostname":"anakshiant-E402NA","pid":8521,"level":30,"msg":"current file is directory","time":"2018-06-24T16:34:44.948Z","v":0}
{"name":"File Extension Chager","hostname":"anakshiant-E402NA","pid":8521,"level":30,"msg":"changing extension of file bin","time":"2018-06-24T16:34:44.948Z","v":0}
{"name":"File Extension Chager","hostname":"anakshiant-E402NA","pid":8521,"level":30,"msg":"current file is directory","time":"2018-06-24T16:34:44.948Z","v":0}
{"name":"File Extension Chager","hostname":"anakshiant-E402NA","pid":8521,"level":30,"msg":"changing extension of file config","time":"2018-06-24T16:34:44.951Z","v":0}
{"name":"File Extension Chager","hostname":"anakshiant-E402NA","pid":8521,"level":30,"msg":"changing extension of file index.js","time":"2018-06-24T16:34:44.952Z","v":0}
{"name":"File Extension Chager","hostname":"anakshiant-E402NA","pid":8521,"level":30,"msg":"current file is directory","time":"2018-06-24T16:34:44.952Z","v":0}
{"name":"File Extension Chager","hostname":"anakshiant-E402NA","pid":8521,"level":30,"msg":"changing extension of file logs","time":"2018-06-24T16:34:44.952Z","v":0}
{"name":"File Extension Chager","hostname":"anakshiant-E402NA","pid":8521,"level":30,"msg":"current file is directory","time":"2018-06-24T16:34:44.952Z","v":0}
{"name":"File Extension Chager","hostname":"anakshiant-E402NA","pid":8521,"level":30,"msg":"changing extension of file node_modules","time":"2018-06-24T16:34:44.955Z","v":0}
{"name":"File Extension Chager","hostname":"anakshiant-E402NA","pid":8521,"level":30,"msg":"changing extension of file package-lock.json","time":"2018-06-24T16:34:44.956Z","v":0}
{"name":"File Extension Chager","hostname":"anakshiant-E402NA","pid":8521,"level":30,"msg":"changing extension of file package.json","time":"2018-06-24T16:34:44.956Z","v":0}
{"name":"File Extension Chager","hostname":"anakshiant-E402NA","pid":8521,"level":30,"msg":"current file is directory","time":"2018-06-24T16:34:44.956Z","v":0}
{"name":"File Extension Chager","hostname":"anakshiant-E402NA","pid":8521,"level":30,"msg":"changing extension of file processor","time":"2018-06-24T16:34:44.956Z","v":0}
{"name":"File Extension Chager","hostname":"anakshiant-E402NA","pid":8521,"level":30,"msg":"current file is directory","time":"2018-06-24T16:34:44.957Z","v":0}
{"name":"File Extension Chager","hostname":"anakshiant-E402NA","pid":8521,"level":30,"msg":"changing extension of file services","time":"2018-06-24T16:34:44.957Z","v":0}
{"name":"File Extension Chager","hostname":"anakshiant-E402NA","pid":8521,"level":30,"msg":"current file is directory","time":"2018-06-24T16:34:44.957Z","v":0}
{"name":"File Extension Chager","hostname":"anakshiant-E402NA","pid":8521,"level":30,"msg":"changing extension of file utils","time":"2018-06-24T16:34:44.957Z","v":0}
{"name":"File Extension Chager","hostname":"anakshiant-E402NA","pid":8531,"level":30,"msg":"initating process ","time":"2018-06-24T16:34:45.999Z","v":0}
{"name":"File Extension Chager","hostname":"anakshiant-E402NA","pid":8531,"level":30,"msg":"directory path is ./","time":"2018-06-24T16:34:46.002Z","v":0}
{"name":"File Extension Chager","hostname":"anakshiant-E402NA","pid":8531,"level":30,"msg":"changing every file to fi extension","time":"2018-06-24T16:34:46.003Z","v":0}
{"name":"File Extension Chager","hostname":"anakshiant-E402NA","pid":8531,"level":30,"msg":"changing extension of file .gitignore","time":"2018-06-24T16:34:46.010Z","v":0}
{"name":"File Extension Chager","hostname":"anakshiant-E402NA","pid":8531,"level":30,"msg":"current file is directory","time":"2018-06-24T16:34:46.011Z","v":0}
{"name":"File Extension Chager","hostname":"anakshiant-E402NA","pid":8531,"level":30,"msg":"changing extension of file bin","time":"2018-06-24T16:34:46.011Z","v":0}
{"name":"File Extension Chager","hostname":"anakshiant-E402NA","pid":8531,"level":30,"msg":"current file is directory","time":"2018-06-24T16:34:46.011Z","v":0}
{"name":"File Extension Chager","hostname":"anakshiant-E402NA","pid":8531,"level":30,"msg":"changing extension of file config","time":"2018-06-24T16:34:46.011Z","v":0}
{"name":"File Extension Chager","hostname":"anakshiant-E402NA","pid":8531,"level":30,"msg":"changing extension of file index.js","time":"2018-06-24T16:34:46.011Z","v":0}
{"name":"File Extension Chager","hostname":"anakshiant-E402NA","pid":8531,"level":30,"msg":"current file is directory","time":"2018-06-24T16:34:46.011Z","v":0}
{"name":"File Extension Chager","hostname":"anakshiant-E402NA","pid":8531,"level":30,"msg":"changing extension of file logs","time":"2018-06-24T16:34:46.012Z","v":0}
{"name":"File Extension Chager","hostname":"anakshiant-E402NA","pid":8531,"level":30,"msg":"current file is directory","time":"2018-06-24T16:34:46.012Z","v":0}
{"name":"File Extension Chager","hostname":"anakshiant-E402NA","pid":8531,"level":30,"msg":"changing extension of file node_modules","time":"2018-06-24T16:34:46.012Z","v":0}
{"name":"File Extension Chager","hostname":"anakshiant-E402NA","pid":8531,"level":30,"msg":"changing extension of file package-lock.json","time":"2018-06-24T16:34:46.012Z","v":0}
{"name":"File Extension Chager","hostname":"anakshiant-E402NA","pid":8531,"level":30,"msg":"changing extension of file package.json","time":"2018-06-24T16:34:46.012Z","v":0}
{"name":"File Extension Chager","hostname":"anakshiant-E402NA","pid":8531,"level":30,"msg":"current file is directory","time":"2018-06-24T16:34:46.012Z","v":0}
{"name":"File Extension Chager","hostname":"anakshiant-E402NA","pid":8531,"level":30,"msg":"changing extension of file processor","time":"2018-06-24T16:34:46.012Z","v":0}
{"name":"File Extension Chager","hostname":"anakshiant-E402NA","pid":8531,"level":30,"msg":"current file is directory","time":"2018-06-24T16:34:46.013Z","v":0}
{"name":"File Extension Chager","hostname":"anakshiant-E402NA","pid":8531,"level":30,"msg":"changing extension of file services","time":"2018-06-24T16:34:46.013Z","v":0}
{"name":"File Extension Chager","hostname":"anakshiant-E402NA","pid":8531,"level":30,"msg":"current file is directory","time":"2018-06-24T16:34:46.013Z","v":0}
{"name":"File Extension Chager","hostname":"anakshiant-E402NA","pid":8531,"level":30,"msg":"changing extension of file utils","time":"2018-06-24T16:34:46.013Z","v":0}
{"name":"File Extension Chager","hostname":"anakshiant-E402NA","pid":8541,"level":30,"msg":"initating process ","time":"2018-06-24T16:34:47.312Z","v":0}
{"name":"File Extension Chager","hostname":"anakshiant-E402NA","pid":8541,"level":30,"msg":"directory path is ./","time":"2018-06-24T16:34:47.314Z","v":0}
{"name":"File Extension Chager","hostname":"anakshiant-E402NA","pid":8541,"level":30,"msg":"changing every file to fi extension","time":"2018-06-24T16:34:47.315Z","v":0}
{"name":"File Extension Chager","hostname":"anakshiant-E402NA","pid":8541,"level":30,"msg":"changing extension of file .gitignore","time":"2018-06-24T16:34:47.326Z","v":0}
{"name":"File Extension Chager","hostname":"anakshiant-E402NA","pid":8541,"level":30,"msg":"current file is directory","time":"2018-06-24T16:34:47.326Z","v":0}
{"name":"File Extension Chager","hostname":"anakshiant-E402NA","pid":8541,"level":30,"msg":"changing extension of file bin","time":"2018-06-24T16:34:47.326Z","v":0}
{"name":"File Extension Chager","hostname":"anakshiant-E402NA","pid":8541,"level":30,"msg":"current file is directory","time":"2018-06-24T16:34:47.328Z","v":0}
{"name":"File Extension Chager","hostname":"anakshiant-E402NA","pid":8541,"level":30,"msg":"changing extension of file config","time":"2018-06-24T16:34:47.328Z","v":0}
{"name":"File Extension Chager","hostname":"anakshiant-E402NA","pid":8541,"level":30,"msg":"changing extension of file index.js","time":"2018-06-24T16:34:47.328Z","v":0}
{"name":"File Extension Chager","hostname":"anakshiant-E402NA","pid":8541,"level":30,"msg":"current file is directory","time":"2018-06-24T16:34:47.328Z","v":0}
{"name":"File Extension Chager","hostname":"anakshiant-E402NA","pid":8541,"level":30,"msg":"changing extension of file logs","time":"2018-06-24T16:34:47.328Z","v":0}
{"name":"File Extension Chager","hostname":"anakshiant-E402NA","pid":8541,"level":30,"msg":"current file is directory","time":"2018-06-24T16:34:47.328Z","v":0}
{"name":"File Extension Chager","hostname":"anakshiant-E402NA","pid":8541,"level":30,"msg":"changing extension of file node_modules","time":"2018-06-24T16:34:47.328Z","v":0}
{"name":"File Extension Chager","hostname":"anakshiant-E402NA","pid":8541,"level":30,"msg":"changing extension of file package-lock.json","time":"2018-06-24T16:34:47.329Z","v":0}
{"name":"File Extension Chager","hostname":"anakshiant-E402NA","pid":8541,"level":30,"msg":"changing extension of file package.json","time":"2018-06-24T16:34:47.329Z","v":0}
{"name":"File Extension Chager","hostname":"anakshiant-E402NA","pid":8541,"level":30,"msg":"current file is directory","time":"2018-06-24T16:34:47.329Z","v":0}
{"name":"File Extension Chager","hostname":"anakshiant-E402NA","pid":8541,"level":30,"msg":"changing extension of file processor","time":"2018-06-24T16:34:47.329Z","v":0}
{"name":"File Extension Chager","hostname":"anakshiant-E402NA","pid":8541,"level":30,"msg":"current file is directory","time":"2018-06-24T16:34:47.329Z","v":0}
{"name":"File Extension Chager","hostname":"anakshiant-E402NA","pid":8541,"level":30,"msg":"changing extension of file services","time":"2018-06-24T16:34:47.329Z","v":0}
{"name":"File Extension Chager","hostname":"anakshiant-E402NA","pid":8541,"level":30,"msg":"current file is directory","time":"2018-06-24T16:34:47.330Z","v":0}
{"name":"File Extension Chager","hostname":"anakshiant-E402NA","pid":8541,"level":30,"msg":"changing extension of file utils","time":"2018-06-24T16:34:47.331Z","v":0}
{"name":"File Extension Chager","hostname":"anakshiant-E402NA","pid":8552,"level":30,"msg":"initating process ","time":"2018-06-24T16:34:48.416Z","v":0}
{"name":"File Extension Chager","hostname":"anakshiant-E402NA","pid":8552,"level":30,"msg":"directory path is ./","time":"2018-06-24T16:34:48.419Z","v":0}
{"name":"File Extension Chager","hostname":"anakshiant-E402NA","pid":8552,"level":30,"msg":"changing every file to fi extension","time":"2018-06-24T16:34:48.420Z","v":0}
{"name":"File Extension Chager","hostname":"anakshiant-E402NA","pid":8552,"level":30,"msg":"changing extension of file .gitignore","time":"2018-06-24T16:34:48.427Z","v":0}
{"name":"File Extension Chager","hostname":"anakshiant-E402NA","pid":8552,"level":30,"msg":"current file is directory","time":"2018-06-24T16:34:48.428Z","v":0}
{"name":"File Extension Chager","hostname":"anakshiant-E402NA","pid":8552,"level":30,"msg":"changing extension of file bin","time":"2018-06-24T16:34:48.428Z","v":0}
{"name":"File Extension Chager","hostname":"anakshiant-E402NA","pid":8552,"level":30,"msg":"current file is directory","time":"2018-06-24T16:34:48.428Z","v":0}
{"name":"File Extension Chager","hostname":"anakshiant-E402NA","pid":8552,"level":30,"msg":"changing extension of file config","time":"2018-06-24T16:34:48.429Z","v":0}
{"name":"File Extension Chager","hostname":"anakshiant-E402NA","pid":8552,"level":30,"msg":"changing extension of file index.js","time":"2018-06-24T16:34:48.429Z","v":0}
{"name":"File Extension Chager","hostname":"anakshiant-E402NA","pid":8552,"level":30,"msg":"current file is directory","time":"2018-06-24T16:34:48.429Z","v":0}
{"name":"File Extension Chager","hostname":"anakshiant-E402NA","pid":8552,"level":30,"msg":"changing extension of file logs","time":"2018-06-24T16:34:48.430Z","v":0}
{"name":"File Extension Chager","hostname":"anakshiant-E402NA","pid":8552,"level":30,"msg":"current file is directory","time":"2018-06-24T16:34:48.430Z","v":0}
{"name":"File Extension Chager","hostname":"anakshiant-E402NA","pid":8552,"level":30,"msg":"changing extension of file node_modules","time":"2018-06-24T16:34:48.430Z","v":0}
{"name":"File Extension Chager","hostname":"anakshiant-E402NA","pid":8552,"level":30,"msg":"changing extension of file package-lock.json","time":"2018-06-24T16:34:48.430Z","v":0}
{"name":"File Extension Chager","hostname":"anakshiant-E402NA","pid":8552,"level":30,"msg":"changing extension of file package.json","time":"2018-06-24T16:34:48.431Z","v":0}
{"name":"File Extension Chager","hostname":"anakshiant-E402NA","pid":8552,"level":30,"msg":"current file is directory","time":"2018-06-24T16:34:48.432Z","v":0}
{"name":"File Extension Chager","hostname":"anakshiant-E402NA","pid":8552,"level":30,"msg":"changing extension of file processor","time":"2018-06-24T16:34:48.432Z","v":0}
{"name":"File Extension Chager","hostname":"anakshiant-E402NA","pid":8552,"level":30,"msg":"current file is directory","time":"2018-06-24T16:34:48.432Z","v":0}
{"name":"File Extension Chager","hostname":"anakshiant-E402NA","pid":8552,"level":30,"msg":"changing extension of file services","time":"2018-06-24T16:34:48.432Z","v":0}
{"name":"File Extension Chager","hostname":"anakshiant-E402NA","pid":8552,"level":30,"msg":"current file is directory","time":"2018-06-24T16:34:48.432Z","v":0}
{"name":"File Extension Chager","hostname":"anakshiant-E402NA","pid":8552,"level":30,"msg":"changing extension of file utils","time":"2018-06-24T16:34:48.432Z","v":0}
{"name":"File Extension Chager","hostname":"anakshiant-E402NA","pid":8563,"level":30,"msg":"initating process ","time":"2018-06-24T16:34:49.435Z","v":0}
{"name":"File Extension Chager","hostname":"anakshiant-E402NA","pid":8563,"level":30,"msg":"directory path is ./","time":"2018-06-24T16:34:49.438Z","v":0}
{"name":"File Extension Chager","hostname":"anakshiant-E402NA","pid":8563,"level":30,"msg":"changing every file to fi extension","time":"2018-06-24T16:34:49.438Z","v":0}
{"name":"File Extension Chager","hostname":"anakshiant-E402NA","pid":8563,"level":30,"msg":"changing extension of file .gitignore","time":"2018-06-24T16:34:49.445Z","v":0}
{"name":"File Extension Chager","hostname":"anakshiant-E402NA","pid":8563,"level":30,"msg":"current file is directory","time":"2018-06-24T16:34:49.445Z","v":0}
{"name":"File Extension Chager","hostname":"anakshiant-E402NA","pid":8563,"level":30,"msg":"changing extension of file bin","time":"2018-06-24T16:34:49.446Z","v":0}
{"name":"File Extension Chager","hostname":"anakshiant-E402NA","pid":8563,"level":30,"msg":"current file is directory","time":"2018-06-24T16:34:49.446Z","v":0}
{"name":"File Extension Chager","hostname":"anakshiant-E402NA","pid":8563,"level":30,"msg":"changing extension of file config","time":"2018-06-24T16:34:49.446Z","v":0}
{"name":"File Extension Chager","hostname":"anakshiant-E402NA","pid":8563,"level":30,"msg":"changing extension of file index.js","time":"2018-06-24T16:34:49.446Z","v":0}
{"name":"File Extension Chager","hostname":"anakshiant-E402NA","pid":8563,"level":30,"msg":"current file is directory","time":"2018-06-24T16:34:49.447Z","v":0}
{"name":"File Extension Chager","hostname":"anakshiant-E402NA","pid":8563,"level":30,"msg":"changing extension of file logs","time":"2018-06-24T16:34:49.447Z","v":0}
{"name":"File Extension Chager","hostname":"anakshiant-E402NA","pid":8563,"level":30,"msg":"current file is directory","time":"2018-06-24T16:34:49.447Z","v":0}
{"name":"File Extension Chager","hostname":"anakshiant-E402NA","pid":8563,"level":30,"msg":"changing extension of file node_modules","time":"2018-06-24T16:34:49.447Z","v":0}
{"name":"File Extension Chager","hostname":"anakshiant-E402NA","pid":8563,"level":30,"msg":"changing extension of file package-lock.json","time":"2018-06-24T16:34:49.447Z","v":0}
{"name":"File Extension Chager","hostname":"anakshiant-E402NA","pid":8563,"level":30,"msg":"changing extension of file package.json","time":"2018-06-24T16:34:49.448Z","v":0}
{"name":"File Extension Chager","hostname":"anakshiant-E402NA","pid":8563,"level":30,"msg":"current file is directory","time":"2018-06-24T16:34:49.448Z","v":0}
{"name":"File Extension Chager","hostname":"anakshiant-E402NA","pid":8563,"level":30,"msg":"changing extension of file processor","time":"2018-06-24T16:34:49.451Z","v":0}
{"name":"File Extension Chager","hostname":"anakshiant-E402NA","pid":8563,"level":30,"msg":"current file is directory","time":"2018-06-24T16:34:49.452Z","v":0}
{"name":"File Extension Chager","hostname":"anakshiant-E402NA","pid":8563,"level":30,"msg":"changing extension of file services","time":"2018-06-24T16:34:49.452Z","v":0}
{"name":"File Extension Chager","hostname":"anakshiant-E402NA","pid":8563,"level":30,"msg":"current file is directory","time":"2018-06-24T16:34:49.452Z","v":0}
{"name":"File Extension Chager","hostname":"anakshiant-E402NA","pid":8563,"level":30,"msg":"changing extension of file utils","time":"2018-06-24T16:34:49.452Z","v":0}
